<?xml version="1.0" encoding="utf-8"?><testsuites name="pytest tests"><testsuite name="pytest" errors="0" failures="0" skipped="0" tests="10" time="0.491" timestamp="2026-07-25T07:14:08.521933+00:00" hostname="agent-env-aadd8c89-a9dd-43f9-8b1a-396a0dcd4f10"><testcase classname="tests.test_inquiries.TestRoot" name="test_root" time="0.111" /><testcase classname="tests.test_inquiries.TestCreateInquiry" name="test_create_valid" time="0.034" /><testcase classname="tests.test_inquiries.TestCreateInquiry" name="test_create_minimal_payload" time="0.072" /><testcase classname="tests.test_inquiries.TestCreateInquiry" name="test_invalid_email" time="0.031" /><testcase classname="tests.test_inquiries.TestCreateInquiry" name="test_missing_name" time="0.032" /><testcase classname="tests.test_inquiries.TestCreateInquiry" name="test_missing_email" time="0.030" /><testcase classname="tests.test_inquiries.TestCreateInquiry" name="test_missing_phone" time="0.032" /><testcase classname="tests.test_inquiries.TestListInquiries" name="test_list_returns_created" time="0.033" /><testcase classname="tests.test_inquiries.TestGetInquiry" name="test_get_by_id" time="0.033" /><testcase classname="tests.test_inquiries.TestGetInquiry" name="test_get_unknown_returns_404" time="0.030" /></testsuite></testsuites>